2017-09-18 12:32:19,200 [main] INFO   - Test blya
2017-09-18 12:32:19,200 [main] INFO   - Another test
2017-09-18 12:32:19,216 [main] INFO   - Number of 11 were read and added to stringList
2017-09-18 12:32:19,216 [main] INFO   - Number of 8 were created and added to sphereList
2017-09-18 12:34:16,520 [main] INFO   - Test blya
2017-09-18 12:34:16,567 [main] INFO   - Another test
2017-09-18 12:34:16,567 [main] INFO   - Number of 11 were read and added to stringList
2017-09-18 12:34:16,598 [main] INFO   - Number of 8 were created and added to sphereList
2017-09-18 12:34:43,946 [main] INFO   - Test blya
2017-09-18 12:34:43,946 [main] INFO   - Another test
2017-09-18 12:34:43,946 [main] INFO   - Number of 11 were read and added to stringList
2017-09-18 12:34:44,008 [main] INFO   - Number of 8 were created and added to sphereList
2017-09-18 12:37:11,341 [main] INFO   - Test blya
2017-09-18 12:37:11,341 [main] INFO   - Another test
2017-09-18 12:37:11,372 [main] INFO   - Number of 11 were read and added to stringList
2017-09-18 12:37:11,388 [main] INFO   - Number of 8 were created and added to sphereList
2017-09-18 12:37:25,447 [main] INFO   - Test blya
2017-09-18 12:37:25,447 [main] INFO   - Another test
2017-09-18 12:37:25,447 [main] INFO   - Number of 11 were read and added to stringList
2017-09-18 12:37:25,494 [main] INFO   - Number of 8 were created and added to sphereList
2017-09-18 12:38:39,735 [main] INFO   - Test blya
2017-09-18 12:38:39,751 [main] INFO   - Another test
2017-09-18 12:38:39,751 [main] INFO   - Number of 11 were read and added to stringList
2017-09-18 12:38:39,766 [main] INFO   - Number of 8 were created and added to sphereList
2017-09-18 13:00:21,702 [main] INFO   - Number of 11 were read and added to stringList
2017-09-18 13:00:21,796 [main] WARN   - 1
2017-09-18 13:00:21,796 [main] WARN   - 2
2017-09-18 13:00:21,796 [main] WARN   - 3
2017-09-18 13:00:21,796 [main] WARN   - 4
2017-09-18 13:00:21,796 [main] WARN   - 5
2017-09-18 13:00:21,796 [main] WARN   - 6
2017-09-18 13:00:21,796 [main] WARN   - 7
2017-09-18 13:00:21,796 [main] WARN   - 8
2017-09-18 13:00:21,796 [main] INFO   - Number of 8 were created and added to sphereList
2017-09-18 13:00:54,580 [main] INFO   - Number of 11 were read and added to stringList
2017-09-18 13:00:54,596 [main] WARN   - 0
2017-09-18 13:00:54,611 [main] WARN   - 1
2017-09-18 13:00:54,611 [main] WARN   - 2
2017-09-18 13:00:54,611 [main] WARN   - 3
2017-09-18 13:00:54,611 [main] WARN   - 4
2017-09-18 13:00:54,611 [main] WARN   - 5
2017-09-18 13:00:54,611 [main] WARN   - 6
2017-09-18 13:00:54,611 [main] WARN   - 7
2017-09-18 13:00:54,611 [main] INFO   - Number of 8 were created and added to sphereList
2017-09-18 13:06:18,553 [main] INFO   - Number of 11 were read and added to stringList
2017-09-18 13:06:18,568 [main] WARN   - 0
2017-09-18 13:06:18,568 [main] WARN   - 1
2017-09-18 13:06:18,568 [main] WARN   - 2
2017-09-18 13:06:18,568 [main] WARN   - 3
2017-09-18 13:06:18,568 [main] WARN   - 4
2017-09-18 13:06:18,568 [main] WARN   - 5
2017-09-18 13:06:18,568 [main] WARN   - 6
2017-09-18 13:06:18,568 [main] WARN   - 7
2017-09-18 13:06:18,568 [main] INFO   - Number of 8 were created and added to sphereList
2017-09-18 13:26:43,375 [main] INFO   - Number of 11 were read and added to stringList
2017-09-18 13:26:43,391 [main] WARN   - Data from listStringData[2 is not correct and string was not parsed
2017-09-18 13:26:43,391 [main] WARN   - Data from listStringData[3 is not correct and string was not parsed
2017-09-18 13:26:43,391 [main] WARN   - Data from listStringData[4 is not correct and string was not parsed
2017-09-18 13:26:43,391 [main] INFO   - Number of 8 were parsed and added to listIntData
2017-09-18 13:26:43,391 [main] INFO   - Number of 8 were created and added to sphereList
2017-09-18 13:28:11,595 [main] INFO    - Number of 11 were read and added to stringList
2017-09-18 13:28:11,626 [main] WARN    - Data from listStringData[2 is not correct and string was not parsed
2017-09-18 13:28:11,626 [main] WARN    - Data from listStringData[3 is not correct and string was not parsed
2017-09-18 13:28:11,626 [main] WARN    - Data from listStringData[4 is not correct and string was not parsed
2017-09-18 13:28:11,626 [main] INFO    - Number of 8 were parsed and added to listIntData
2017-09-18 13:28:11,641 [main] INFO    - Number of 8 were created and added to sphereList
2017-09-18 13:28:41,182 [main] INFO    - Number of 11 were read and added to stringList
2017-09-18 13:28:41,198 [main] WARN    - Data from listStringData[2 is not correct and string was not parsed
2017-09-18 13:28:41,198 [main] WARN    - Data from listStringData[3 is not correct and string was not parsed
2017-09-18 13:28:41,198 [main] WARN    - Data from listStringData[4 is not correct and string was not parsed
2017-09-18 13:28:41,198 [main] INFO    - Number of 8 were parsed and added to listIntData
2017-09-18 13:28:41,198 [main] INFO    - Number of 8 were created and added to sphereList
2017-09-18 13:30:41,416 [main] INFO  reader.SphereReader  - Number of 11 were read and added to stringList
2017-09-18 13:30:41,416 [main] WARN  parser.ParserSphereData  - Data from listStringData[2 is not correct and string was not parsed
2017-09-18 13:30:41,416 [main] WARN  parser.ParserSphereData  - Data from listStringData[3 is not correct and string was not parsed
2017-09-18 13:30:41,416 [main] WARN  parser.ParserSphereData  - Data from listStringData[4 is not correct and string was not parsed
2017-09-18 13:30:41,416 [main] INFO  parser.ParserSphereData  - Number of 8 were parsed and added to listIntData
2017-09-18 13:30:41,432 [main] INFO  creator.Creator  - Number of 8 were created and added to sphereList
2017-09-18 13:31:52,528 [main] INFO  net.cheltsov.sphere.reader.SphereReader  - Number of 11 were read and added to stringList
2017-09-18 13:31:52,566 [main] WARN  net.cheltsov.sphere.parser.SphereParser  - Data from listStringData[2 is not correct and string was not parsed
2017-09-18 13:31:52,582 [main] WARN  net.cheltsov.sphere.parser.SphereParser  - Data from listStringData[3 is not correct and string was not parsed
2017-09-18 13:31:52,582 [main] WARN  net.cheltsov.sphere.parser.SphereParser  - Data from listStringData[4 is not correct and string was not parsed
2017-09-18 13:31:52,582 [main] INFO  net.cheltsov.sphere.parser.SphereParser  - Number of 8 were parsed and added to listIntData
2017-09-18 13:31:52,582 [main] INFO  net.cheltsov.sphere.creator.SphereCreator  - Number of 8 were created and added to sphereList
2017-09-18 13:34:22,235 INFO  -.-.-.-.SphereReader  - Number of 11 were read and added to stringList
2017-09-18 13:34:22,269 WARN  -.-.-.-.ParserSphereData  - Data from listStringData[2] is not correct and string was not parsed
2017-09-18 13:34:22,270 WARN  -.-.-.-.ParserSphereData  - Data from listStringData[3] is not correct and string was not parsed
2017-09-18 13:34:22,272 WARN  -.-.-.-.ParserSphereData  - Data from listStringData[4] is not correct and string was not parsed
2017-09-18 13:34:22,274 INFO  -.-.-.-.ParserSphereData  - Number of 8 were parsed and added to listIntData
2017-09-18 13:34:22,326 INFO  -.-.-.-.Creator  - Number of 8 were created and added to sphereList
2017-09-18 13:36:45,066 [main] INFO  -.-.-.-.SphereReader  - Number of 11 were read and added to stringList
2017-09-18 13:36:45,066 [main] WARN  -.-.-.-.ParserSphereData  - Data from listStringData[2] is not correct and string was not parsed
2017-09-18 13:36:45,066 [main] WARN  -.-.-.-.ParserSphereData  - Data from listStringData[3] is not correct and string was not parsed
2017-09-18 13:36:45,066 [main] WARN  -.-.-.-.ParserSphereData  - Data from listStringData[4] is not correct and string was not parsed
2017-09-18 13:36:45,081 [main] INFO  -.-.-.-.ParserSphereData  - Number of 8 were parsed and added to listIntData
2017-09-18 13:36:45,081 [main] INFO  -.-.-.-.Creator  - Number of 8 were created and added to sphereList
2017-09-18 13:52:09,070 [main] INFO  -.-.-.-.SphereReader  - Number of 11 were read and added to stringList
2017-09-18 13:52:09,086 [main] WARN  -.-.-.-.ParserSphereData  - Data from listStringData[2] is not correct and string was not parsed
2017-09-18 13:52:09,086 [main] WARN  -.-.-.-.ParserSphereData  - Data from listStringData[3] is not correct and string was not parsed
2017-09-18 13:52:09,086 [main] WARN  -.-.-.-.ParserSphereData  - Data from listStringData[4] is not correct and string was not parsed
2017-09-18 13:52:09,086 [main] INFO  -.-.-.-.ParserSphereData  - Number of 8 were parsed and added to listIntData
2017-09-18 13:52:09,086 [main] INFO  -.-.-.-.Creator  - Number of 8 were created and added to sphereList
2017-09-18 13:54:47,842 [main] INFO  -.-.-.-.SphereReader  - Number of 11 were read and added to stringList
2017-09-18 13:54:47,858 [main] WARN  -.-.-.-.ParserSphereData  - Data from listStringData[2] is not correct and string was not parsed
2017-09-18 13:54:47,858 [main] WARN  -.-.-.-.ParserSphereData  - Data from listStringData[3] is not correct and string was not parsed
2017-09-18 13:54:47,858 [main] WARN  -.-.-.-.ParserSphereData  - Data from listStringData[4] is not correct and string was not parsed
2017-09-18 13:54:47,858 [main] INFO  -.-.-.-.ParserSphereData  - Number of 8 were parsed and added to listIntData
2017-09-18 13:54:47,874 [main] INFO  -.-.-.-.Creator  - Number of 8 were created and added to sphereList
2017-09-18 13:56:18,782 [main] INFO  -.-.-.-.SphereReader  - Number of 11 were read and added to stringList
2017-09-18 13:56:18,797 [main] WARN  -.-.-.-.ParserSphereData  - Data from listStringData[2] is not correct and string was not parsed
2017-09-18 13:56:18,797 [main] WARN  -.-.-.-.ParserSphereData  - Data from listStringData[3] is not correct and string was not parsed
2017-09-18 13:56:18,797 [main] WARN  -.-.-.-.ParserSphereData  - Data from listStringData[4] is not correct and string was not parsed
2017-09-18 13:56:18,797 [main] INFO  -.-.-.-.ParserSphereData  - Number of 8 were parsed and added to listIntData
2017-09-18 13:56:18,797 [main] INFO  -.-.-.-.Creator  - Number of 8 were created and added to sphereList
2017-09-18 13:59:02,528 [main] INFO  -.-.-.-.SphereReader  - Number of 11 were read and added to stringList
2017-09-18 13:59:02,543 [main] WARN  -.-.-.-.ParserSphereData  - Data from listStringData[2] is not correct and string was not parsed
2017-09-18 13:59:02,543 [main] WARN  -.-.-.-.ParserSphereData  - Data from listStringData[3] is not correct and string was not parsed
2017-09-18 13:59:02,543 [main] WARN  -.-.-.-.ParserSphereData  - Data from listStringData[4] is not correct and string was not parsed
2017-09-18 13:59:02,543 [main] INFO  -.-.-.-.ParserSphereData  - Number of 8 were parsed and added to listIntData
2017-09-18 13:59:02,543 [main] INFO  -.-.-.-.Creator  - Number of 8 were created and added to sphereList
2017-09-18 17:40:33,980 [main] INFO  -.-.-.-.SphereReader  - Number of 11 were read and added to stringList
2017-09-18 17:40:34,148 [main] WARN  -.-.-.-.ParserSphereData  - Data from listStringData[2] is not correct and string was not parsed
2017-09-18 17:40:34,149 [main] WARN  -.-.-.-.ParserSphereData  - Data from listStringData[3] is not correct and string was not parsed
2017-09-18 17:40:34,149 [main] WARN  -.-.-.-.ParserSphereData  - Data from listStringData[4] is not correct and string was not parsed
2017-09-18 17:40:34,150 [main] INFO  -.-.-.-.ParserSphereData  - Number of 8 were parsed and added to listIntData
2017-09-18 17:40:34,158 [main] INFO  -.-.-.-.Creator  - Number of 8 were created and added to sphereList
2017-09-18 17:43:22,493 [main] INFO  -.-.-.-.SphereReader  - Number of 11 were read and added to stringList
2017-09-18 17:43:22,510 [main] WARN  -.-.-.-.ParserSphereData  - Data from listStringData[2] is not correct and string was not parsed
2017-09-18 17:43:22,511 [main] WARN  -.-.-.-.ParserSphereData  - Data from listStringData[3] is not correct and string was not parsed
2017-09-18 17:43:22,512 [main] WARN  -.-.-.-.ParserSphereData  - Data from listStringData[4] is not correct and string was not parsed
2017-09-18 17:43:22,514 [main] INFO  -.-.-.-.ParserSphereData  - Number of 8 were parsed and added to listIntData
2017-09-18 17:43:22,605 [main] INFO  -.-.-.-.Creator  - Number of 8 were created and added to sphereList
2017-09-18 17:44:19,223 [main] INFO  -.-.-.-.SphereReader  - Number of 11 were read and added to stringList
2017-09-18 17:44:19,234 [main] WARN  -.-.-.-.ParserSphereData  - Data from listStringData[2] is not correct and string was not parsed
2017-09-18 17:44:19,237 [main] WARN  -.-.-.-.ParserSphereData  - Data from listStringData[3] is not correct and string was not parsed
2017-09-18 17:44:19,256 [main] WARN  -.-.-.-.ParserSphereData  - Data from listStringData[4] is not correct and string was not parsed
2017-09-18 17:44:19,277 [main] INFO  -.-.-.-.ParserSphereData  - Number of 8 were parsed and added to listIntData
2017-09-18 17:44:19,290 [main] INFO  -.-.-.-.Creator  - Number of 8 were created and added to sphereList
2017-09-18 17:44:19,292 [main] INFO  -.-.-.-.Main  - Square: 1256.6370614359173  valume: 3141.592653589793
2017-09-18 17:44:19,293 [main] INFO  -.-.-.-.Main  - Square: 1256.6370614359173  valume: 3141.592653589793
2017-09-18 17:49:42,249 [main] INFO  -.-.-.-.SphereReader  - Number of 11 were read and added to stringList
2017-09-18 17:49:42,297 [main] WARN  -.-.-.-.ParserSphereData  - Data from listStringData[2] is not correct and string was not parsed
2017-09-18 17:49:42,298 [main] WARN  -.-.-.-.ParserSphereData  - Data from listStringData[3] is not correct and string was not parsed
2017-09-18 17:49:42,300 [main] WARN  -.-.-.-.ParserSphereData  - Data from listStringData[4] is not correct and string was not parsed
2017-09-18 17:49:42,301 [main] INFO  -.-.-.-.ParserSphereData  - Number of 8 were parsed and added to listIntData
2017-09-18 17:49:42,328 [main] INFO  -.-.-.-.Creator  - Number of 8 were created and added to sphereList
2017-09-18 17:52:17,009 [main] INFO  -.-.-.-.SphereReader  - Number of 11 were read and added to stringList
2017-09-18 17:52:17,055 [main] WARN  -.-.-.-.ParserSphereData  - Data from listStringData[2] is not correct and string was not parsed
2017-09-18 17:52:17,056 [main] WARN  -.-.-.-.ParserSphereData  - Data from listStringData[3] is not correct and string was not parsed
2017-09-18 17:52:17,057 [main] WARN  -.-.-.-.ParserSphereData  - Data from listStringData[4] is not correct and string was not parsed
2017-09-18 17:52:17,058 [main] INFO  -.-.-.-.ParserSphereData  - Number of 8 were parsed and added to listIntData
2017-09-18 17:52:17,067 [main] INFO  -.-.-.-.Creator  - Number of 8 were created and added to sphereList
2017-09-18 17:56:11,880 [main] INFO  -.-.-.-.SphereReader  - Number of 11 were read and added to stringList
2017-09-18 18:02:37,958 [main] INFO  -.-.-.-.SphereReader  - Number of 11 were read and added to stringList
2017-09-18 18:04:20,960 [main] INFO  -.-.-.-.SphereReader  - Number of 11 were read and added to stringList
2017-09-18 18:07:06,352 [main] INFO  -.-.-.-.SphereReader  - Number of 11 were read and added to stringList
2017-09-18 18:07:06,364 [main] WARN  -.-.-.-.ParserSphereData  - Data from listStringData[2] is not correct and string was not parsed
2017-09-18 18:07:06,365 [main] WARN  -.-.-.-.ParserSphereData  - Data from listStringData[3] is not correct and string was not parsed
2017-09-18 18:07:06,366 [main] WARN  -.-.-.-.ParserSphereData  - Data from listStringData[4] is not correct and string was not parsed
2017-09-18 18:07:06,368 [main] INFO  -.-.-.-.ParserSphereData  - Number of 8 were parsed and added to listIntData
2017-09-18 18:07:06,377 [main] INFO  -.-.-.-.Creator  - Number of 8 were created and added to sphereList
2017-09-18 18:11:25,425 [main] INFO  -.-.-.-.SphereReader  - Number of 11 were read and added to stringList
2017-09-18 18:11:25,447 [main] WARN  -.-.-.-.ParserSphereData  - Data from listStringData[2] is not correct and string was not parsed
2017-09-18 18:11:25,448 [main] WARN  -.-.-.-.ParserSphereData  - Data from listStringData[3] is not correct and string was not parsed
2017-09-18 18:11:25,450 [main] WARN  -.-.-.-.ParserSphereData  - Data from listStringData[4] is not correct and string was not parsed
2017-09-18 18:11:25,451 [main] INFO  -.-.-.-.ParserSphereData  - Number of 8 were parsed and added to listIntData
2017-09-18 18:11:25,461 [main] INFO  -.-.-.-.Creator  - Number of 8 were created and added to sphereList
2017-09-19 11:28:42,415 [main] INFO  -.-.-.-.SphereReader  - Number of 11 were read and added to stringList
2017-09-19 11:28:42,461 [main] WARN  -.-.-.-.SphereParser  - Data from listStringData[2] is not correct and string was not parsed
2017-09-19 11:28:42,462 [main] WARN  -.-.-.-.SphereParser  - Data from listStringData[3] is not correct and string was not parsed
2017-09-19 11:28:42,464 [main] WARN  -.-.-.-.SphereParser  - Data from listStringData[4] is not correct and string was not parsed
2017-09-19 11:28:42,466 [main] INFO  -.-.-.-.SphereParser  - Number of 8 were parsed and added to listIntData
2017-09-19 11:28:42,473 [main] INFO  -.-.-.-.Creator  - Number of 8 were created and added to sphereList
2017-09-19 11:29:27,723 [main] INFO  -.-.-.-.SphereReader  - Number of 11 were read and added to stringList
2017-09-19 11:29:27,747 [main] WARN  -.-.-.-.SphereParser  - Data from listStringData[1] is not correct and string was not parsed
2017-09-19 11:29:27,748 [main] WARN  -.-.-.-.SphereParser  - Data from listStringData[2] is not correct and string was not parsed
2017-09-19 11:29:27,749 [main] WARN  -.-.-.-.SphereParser  - Data from listStringData[3] is not correct and string was not parsed
2017-09-19 11:29:27,750 [main] WARN  -.-.-.-.SphereParser  - Data from listStringData[4] is not correct and string was not parsed
2017-09-19 11:29:27,751 [main] WARN  -.-.-.-.SphereParser  - Data from listStringData[5] is not correct and string was not parsed
2017-09-19 11:29:27,752 [main] WARN  -.-.-.-.SphereParser  - Data from listStringData[6] is not correct and string was not parsed
2017-09-19 11:29:27,752 [main] WARN  -.-.-.-.SphereParser  - Data from listStringData[7] is not correct and string was not parsed
2017-09-19 11:29:27,753 [main] WARN  -.-.-.-.SphereParser  - Data from listStringData[8] is not correct and string was not parsed
2017-09-19 11:29:27,755 [main] WARN  -.-.-.-.SphereParser  - Data from listStringData[9] is not correct and string was not parsed
2017-09-19 11:29:27,756 [main] WARN  -.-.-.-.SphereParser  - Data from listStringData[10] is not correct and string was not parsed
2017-09-19 11:29:27,756 [main] INFO  -.-.-.-.SphereParser  - Number of 1 were parsed and added to listIntData
2017-09-19 11:29:27,765 [main] INFO  -.-.-.-.Creator  - Number of 1 were created and added to sphereList
2017-09-19 11:29:47,237 [main] INFO  -.-.-.-.SphereReader  - Number of 11 were read and added to stringList
2017-09-19 11:29:47,327 [main] WARN  -.-.-.-.SphereParser  - Data from listStringData[2] is not correct and string was not parsed
2017-09-19 11:29:47,328 [main] WARN  -.-.-.-.SphereParser  - Data from listStringData[3] is not correct and string was not parsed
2017-09-19 11:29:47,329 [main] WARN  -.-.-.-.SphereParser  - Data from listStringData[4] is not correct and string was not parsed
2017-09-19 11:29:47,330 [main] INFO  -.-.-.-.SphereParser  - Number of 8 were parsed and added to listIntData
2017-09-19 11:29:47,338 [main] INFO  -.-.-.-.Creator  - Number of 8 were created and added to sphereList
2017-09-19 12:48:07,225 [main] FATAL -.-.-.-.SphereAction  - Data is not correct
2017-09-19 12:59:31,293 [main] FATAL -.-.-.-.SphereAction  - Data is not correct
2017-09-19 13:43:33,491 [main] FATAL -.-.-.-.SphereAction  - Data is not correct
2017-09-19 13:44:29,355 [main] FATAL -.-.-.-.Sphere  - Data is not correct
2017-09-19 14:00:13,464 [main] FATAL -.-.-.-.Sphere  - Data is not correct
2017-09-19 17:03:07,568 [main] FATAL -.-.-.-.SphereAction  - Data is not correct
2017-09-19 17:28:38,834 [main] FATAL -.-.-.-.Sphere  - Data is not correct
2017-09-19 17:28:38,889 [main] FATAL -.-.-.-.SphereAction  - Data is not correct
2017-09-19 18:36:20,580 [main] FATAL -.-.-.-.Sphere  - Data is not correct
2017-09-19 18:36:20,635 [main] FATAL -.-.-.-.SphereAction  - Data is not correct
2017-09-19 18:36:35,217 [main] INFO  -.-.-.-.SphereReader  - Number of 11 were read and added to stringList
2017-09-19 18:36:35,269 [main] WARN  -.-.-.-.SphereParser  - Data from listStringData[2] is not correct and string was not parsed
2017-09-19 18:36:35,271 [main] WARN  -.-.-.-.SphereParser  - Data from listStringData[3] is not correct and string was not parsed
2017-09-19 18:36:35,275 [main] WARN  -.-.-.-.SphereParser  - Data from listStringData[4] is not correct and string was not parsed
2017-09-19 18:36:35,280 [main] INFO  -.-.-.-.SphereParser  - Number of 8 were parsed and added to listIntData
2017-09-19 18:36:35,289 [main] INFO  -.-.-.-.Creator  - Number of 8 were created and added to sphereList
2017-09-19 18:37:34,598 [main] INFO  -.-.-.-.SphereReader  - Number of 11 were read and added to stringList
2017-09-19 18:37:34,634 [main] WARN  -.-.-.-.SphereParser  - Data from listStringData[2] is not correct and string was not parsed
2017-09-19 18:37:34,638 [main] WARN  -.-.-.-.SphereParser  - Data from listStringData[3] is not correct and string was not parsed
2017-09-19 18:37:34,639 [main] WARN  -.-.-.-.SphereParser  - Data from listStringData[4] is not correct and string was not parsed
2017-09-19 18:37:34,643 [main] INFO  -.-.-.-.SphereParser  - Number of 8 were parsed and added to listIntData
2017-09-19 18:37:34,676 [main] INFO  -.-.-.-.Creator  - Number of 8 were created and added to sphereList
2017-09-20 10:33:25,300 [main] INFO  -.-.-.-.SphereObserver  - Singeltone SphereObserver was created
qwd